TN:
SF:config.js
FNF:0
FNH:0
DA:1,1
DA:2,1
DA:3,1
DA:4,1
DA:5,1
DA:6,1
LF:6
LH:6
BRF:0
BRH:0
end_of_record
TN:
SF:api\controladores\productosController.js
FN:5,Object.<anonymous>.productosController.Guardar
FN:83,Object.<anonymous>.productosController.ListarTodos
FN:93,Object.<anonymous>.productosController.Listartitulo
FN:111,Object.<anonymous>.productosController.Actualizar
FN:175,Object.<anonymous>.productosController.Borrar
FNF:5
FNH:4
FNDA:5,Object.<anonymous>.productosController.Guardar
FNDA:0,Object.<anonymous>.productosController.ListarTodos
FNDA:1,Object.<anonymous>.productosController.Listartitulo
FNDA:5,Object.<anonymous>.productosController.Actualizar
FNDA:1,Object.<anonymous>.productosController.Borrar
DA:1,1
DA:2,1
DA:3,1
DA:4,1
DA:5,1
DA:6,5
DA:7,5
DA:8,5
DA:9,5
DA:10,5
DA:11,5
DA:12,5
DA:13,5
DA:14,5
DA:15,5
DA:16,1
DA:17,1
DA:18,4
DA:19,5
DA:20,0
DA:21,0
DA:22,0
DA:23,0
DA:24,0
DA:25,4
DA:26,5
DA:27,1
DA:28,1
DA:29,3
DA:30,5
DA:31,0
DA:32,0
DA:33,0
DA:34,0
DA:35,0
DA:36,3
DA:37,5
DA:38,1
DA:39,1
DA:40,2
DA:41,5
DA:42,1
DA:43,1
DA:44,1
DA:45,1
DA:46,1
DA:47,1
DA:48,1
DA:49,1
DA:50,1
DA:51,1
DA:52,1
DA:53,1
DA:54,0
DA:55,0
DA:56,0
DA:57,0
DA:58,0
DA:59,0
DA:60,0
DA:61,0
DA:62,0
DA:63,0
DA:64,0
DA:65,0
DA:66,0
DA:67,0
DA:68,0
DA:69,0
DA:70,0
DA:71,0
DA:72,0
DA:73,0
DA:74,0
DA:75,0
DA:76,0
DA:77,0
DA:78,0
DA:79,0
DA:80,1
DA:81,1
DA:82,1
DA:83,1
DA:84,0
DA:85,0
DA:86,0
DA:87,0
DA:88,0
DA:89,0
DA:90,0
DA:91,1
DA:92,1
DA:93,1
DA:94,1
DA:95,1
DA:96,1
DA:97,1
DA:98,1
DA:99,1
DA:100,1
DA:101,1
DA:102,1
DA:103,1
DA:104,0
DA:105,0
DA:106,0
DA:107,0
DA:108,0
DA:109,1
DA:110,1
DA:111,1
DA:112,5
DA:113,5
DA:114,5
DA:115,5
DA:116,5
DA:117,5
DA:118,5
DA:119,5
DA:120,5
DA:121,5
DA:122,1
DA:123,1
DA:124,4
DA:125,5
DA:126,1
DA:127,1
DA:128,3
DA:129,5
DA:130,1
DA:131,1
DA:132,2
DA:133,5
DA:134,1
DA:135,1
DA:136,1
DA:137,1
DA:138,1
DA:139,1
DA:140,1
DA:141,1
DA:142,1
DA:143,1
DA:144,1
DA:145,1
DA:146,0
DA:147,0
DA:148,0
DA:149,0
DA:150,0
DA:151,0
DA:152,0
DA:153,0
DA:154,0
DA:155,0
DA:156,0
DA:157,0
DA:158,0
DA:159,0
DA:160,0
DA:161,0
DA:162,0
DA:163,0
DA:164,0
DA:165,0
DA:166,0
DA:167,0
DA:168,0
DA:169,0
DA:170,0
DA:171,0
DA:172,0
DA:173,1
DA:174,1
DA:175,1
DA:176,1
DA:177,1
DA:178,1
DA:179,1
DA:180,1
DA:181,1
DA:182,1
DA:183,0
DA:184,0
DA:185,0
DA:186,0
DA:187,0
DA:188,0
DA:189,0
DA:190,0
DA:191,0
DA:192,0
DA:193,0
DA:194,0
DA:195,0
DA:196,0
DA:197,0
DA:198,0
DA:199,0
DA:200,0
DA:201,0
DA:202,0
DA:203,0
DA:204,0
DA:205,0
DA:206,0
DA:207,0
DA:208,0
DA:209,1
DA:210,1
LF:210
LH:109
BRDA:5,0,0,5
BRDA:15,1,0,4
BRDA:15,2,0,1
BRDA:17,3,0,4
BRDA:19,4,0,0
BRDA:24,5,0,4
BRDA:26,6,0,1
BRDA:28,7,0,3
BRDA:30,8,0,0
BRDA:35,9,0,3
BRDA:37,10,0,1
BRDA:39,11,0,2
BRDA:41,12,0,1
BRDA:41,13,0,1
BRDA:53,14,0,0
BRDA:93,15,0,1
BRDA:103,16,0,0
BRDA:111,17,0,5
BRDA:121,18,0,1
BRDA:123,19,0,4
BRDA:125,20,0,1
BRDA:127,21,0,3
BRDA:129,22,0,1
BRDA:131,23,0,2
BRDA:133,24,0,1
BRDA:133,25,0,1
BRDA:145,26,0,0
BRDA:175,27,0,1
BRDA:182,28,0,0
BRF:29
BRH:23
end_of_record
TN:
SF:api\controladores\usuariosController.js
FN:7,Object.<anonymous>.usuariosController.Registrar
FN:86,Object.<anonymous>.usuariosController.ListarTodos
FN:95,Object.<anonymous>.usuariosController.ListarUnico
FN:109,Object.<anonymous>.usuariosController.Actualizar
FN:178,Object.<anonymous>.usuariosController.Borrar
FN:211,Object.<anonymous>.usuariosController.Login
FN:247,Object.<anonymous>.usuariosController.Activar
FNF:7
FNH:7
FNDA:3,Object.<anonymous>.usuariosController.Registrar
FNDA:1,Object.<anonymous>.usuariosController.ListarTodos
FNDA:2,Object.<anonymous>.usuariosController.ListarUnico
FNDA:4,Object.<anonymous>.usuariosController.Actualizar
FNDA:2,Object.<anonymous>.usuariosController.Borrar
FNDA:4,Object.<anonymous>.usuariosController.Login
FNDA:3,Object.<anonymous>.usuariosController.Activar
DA:1,1
DA:2,1
DA:3,1
DA:4,1
DA:5,1
DA:6,1
DA:7,1
DA:8,3
DA:9,3
DA:10,3
DA:11,3
DA:12,3
DA:13,3
DA:14,3
DA:15,3
DA:16,1
DA:17,1
DA:18,2
DA:19,3
DA:20,1
DA:21,1
DA:22,1
DA:23,1
DA:24,1
DA:25,1
DA:26,0
DA:27,0
DA:28,0
DA:29,0
DA:30,0
DA:31,0
DA:32,0
DA:33,0
DA:34,0
DA:35,0
DA:36,0
DA:37,0
DA:38,0
DA:39,0
DA:40,0
DA:41,0
DA:42,0
DA:43,0
DA:44,0
DA:45,0
DA:46,0
DA:47,0
DA:48,0
DA:49,0
DA:50,0
DA:51,0
DA:52,0
DA:53,0
DA:54,0
DA:55,0
DA:56,0
DA:57,0
DA:58,0
DA:59,0
DA:60,0
DA:61,0
DA:62,0
DA:63,0
DA:64,0
DA:65,0
DA:66,0
DA:67,0
DA:68,0
DA:69,0
DA:70,0
DA:71,0
DA:72,0
DA:73,0
DA:74,0
DA:75,0
DA:76,0
DA:77,0
DA:78,0
DA:79,0
DA:80,0
DA:81,0
DA:82,0
DA:83,0
DA:84,0
DA:85,1
DA:86,1
DA:87,1
DA:88,1
DA:89,0
DA:90,0
DA:91,1
DA:92,1
DA:93,1
DA:94,1
DA:95,1
DA:96,2
DA:97,2
DA:98,2
DA:99,2
DA:100,2
DA:101,1
DA:102,1
DA:103,1
DA:104,1
DA:105,1
DA:106,1
DA:107,1
DA:108,1
DA:109,1
DA:110,4
DA:111,4
DA:112,4
DA:113,4
DA:114,4
DA:115,4
DA:116,4
DA:117,4
DA:118,4
DA:119,1
DA:120,1
DA:121,1
DA:122,1
DA:123,1
DA:124,3
DA:125,4
DA:126,1
DA:127,1
DA:128,1
DA:129,1
DA:130,1
DA:131,2
DA:132,4
DA:133,1
DA:134,1
DA:135,1
DA:136,1
DA:137,1
DA:138,1
DA:139,1
DA:140,1
DA:141,1
DA:142,1
DA:143,1
DA:144,1
DA:145,0
DA:146,0
DA:147,0
DA:148,0
DA:149,0
DA:150,0
DA:151,0
DA:152,0
DA:153,0
DA:154,0
DA:155,0
DA:156,0
DA:157,0
DA:158,0
DA:159,0
DA:160,0
DA:161,0
DA:162,0
DA:163,0
DA:164,0
DA:165,0
DA:166,0
DA:167,0
DA:168,0
DA:169,0
DA:170,0
DA:171,0
DA:172,0
DA:173,0
DA:174,0
DA:175,0
DA:176,0
DA:177,1
DA:178,1
DA:179,2
DA:180,2
DA:181,2
DA:182,2
DA:183,2
DA:184,1
DA:185,1
DA:186,1
DA:187,1
DA:188,1
DA:189,1
DA:190,1
DA:191,1
DA:192,1
DA:193,1
DA:194,0
DA:195,0
DA:196,0
DA:197,0
DA:198,0
DA:199,0
DA:200,0
DA:201,0
DA:202,0
DA:203,0
DA:204,0
DA:205,0
DA:206,0
DA:207,0
DA:208,1
DA:209,1
DA:210,1
DA:211,1
DA:212,4
DA:213,4
DA:214,4
DA:215,4
DA:216,4
DA:217,4
DA:218,4
DA:219,1
DA:220,1
DA:221,3
DA:222,4
DA:223,1
DA:224,1
DA:225,2
DA:226,2
DA:227,2
DA:228,2
DA:229,2
DA:230,0
DA:231,0
DA:232,0
DA:233,0
DA:234,2
DA:235,2
DA:236,1
DA:237,1
DA:238,1
DA:239,1
DA:240,1
DA:241,1
DA:242,1
DA:243,2
DA:244,2
DA:245,2
DA:246,1
DA:247,1
DA:248,3
DA:249,3
DA:250,3
DA:251,3
DA:252,3
DA:253,3
DA:254,3
DA:255,1
DA:256,1
DA:257,2
DA:258,3
DA:259,1
DA:260,1
DA:261,1
DA:262,1
DA:263,1
DA:264,0
DA:265,0
DA:266,0
DA:267,0
DA:268,1
DA:269,1
DA:270,1
DA:271,1
DA:272,1
DA:273,1
DA:274,1
DA:275,1
DA:276,1
DA:277,1
LF:277
LH:162
BRDA:7,0,0,3
BRDA:15,1,0,1
BRDA:17,2,0,2
BRDA:19,3,0,1
BRDA:25,4,0,0
BRDA:86,5,0,1
BRDA:87,6,0,1
BRDA:88,7,0,0
BRDA:95,8,0,2
BRDA:100,9,0,1
BRDA:104,10,0,1
BRDA:109,11,0,4
BRDA:118,12,0,1
BRDA:123,13,0,3
BRDA:125,14,0,1
BRDA:130,15,0,2
BRDA:132,16,0,1
BRDA:144,17,0,0
BRDA:178,18,0,2
BRDA:180,19,0,1
BRDA:183,20,0,1
BRDA:187,21,0,1
BRDA:193,22,0,0
BRDA:211,23,0,4
BRDA:218,24,0,1
BRDA:220,25,0,3
BRDA:222,26,0,1
BRDA:224,27,0,2
BRDA:228,28,0,2
BRDA:229,29,0,0
BRDA:235,30,0,1
BRDA:247,31,0,3
BRDA:254,32,0,2
BRDA:254,33,0,1
BRDA:256,34,0,2
BRDA:258,35,0,1
BRDA:258,36,0,1
BRDA:262,37,0,1
BRDA:263,38,0,0
BRF:39
BRH:33
end_of_record
TN:
SF:api\modelos\productosModel.js
FN:24,Object.<anonymous>.productosModel.Guardar
FN:40,Object.<anonymous>.productosModel.ListarTodos
FN:47,Object.<anonymous>.productosModel.Listartitulo
FN:60,Object.<anonymous>.productosModel.Existe
FN:71,Object.<anonymous>.productosModel.Actualizar
FN:92,Object.<anonymous>.productosModel.Borrar
FNF:6
FNH:0
FNDA:0,Object.<anonymous>.productosModel.Guardar
FNDA:0,Object.<anonymous>.productosModel.ListarTodos
FNDA:0,Object.<anonymous>.productosModel.Listartitulo
FNDA:0,Object.<anonymous>.productosModel.Existe
FNDA:0,Object.<anonymous>.productosModel.Actualizar
FNDA:0,Object.<anonymous>.productosModel.Borrar
DA:1,1
DA:2,1
DA:3,1
DA:4,1
DA:5,1
DA:6,1
DA:7,1
DA:8,1
DA:9,1
DA:10,1
DA:11,1
DA:12,1
DA:13,1
DA:14,1
DA:15,1
DA:16,1
DA:17,1
DA:18,1
DA:19,1
DA:20,1
DA:21,1
DA:22,1
DA:23,1
DA:24,1
DA:25,0
DA:26,0
DA:27,0
DA:28,0
DA:29,0
DA:30,0
DA:31,0
DA:32,0
DA:33,0
DA:34,0
DA:35,0
DA:36,0
DA:37,1
DA:38,1
DA:39,1
DA:40,1
DA:41,0
DA:42,0
DA:43,0
DA:44,0
DA:45,1
DA:46,1
DA:47,1
DA:48,0
DA:49,0
DA:50,0
DA:51,0
DA:52,0
DA:53,0
DA:54,0
DA:55,0
DA:56,0
DA:57,0
DA:58,1
DA:59,1
DA:60,1
DA:61,0
DA:62,0
DA:63,0
DA:64,0
DA:65,0
DA:66,0
DA:67,0
DA:68,1
DA:69,1
DA:70,1
DA:71,1
DA:72,0
DA:73,0
DA:74,0
DA:75,0
DA:76,0
DA:77,0
DA:78,0
DA:79,0
DA:80,0
DA:81,0
DA:82,0
DA:83,0
DA:84,0
DA:85,0
DA:86,0
DA:87,0
DA:88,0
DA:89,1
DA:90,1
DA:91,1
DA:92,1
DA:93,0
DA:94,0
DA:95,0
DA:96,0
DA:97,0
DA:98,0
DA:99,0
DA:100,0
DA:101,0
DA:102,0
DA:103,0
DA:104,0
DA:105,0
DA:106,1
DA:107,1
LF:107
LH:44
BRF:0
BRH:0
end_of_record
